2025-05-27 11:01:25 Loading main app package /usr/lib/obsidian/obsidian.asar
2025-05-27 11:01:26 Checking for update using Github
2025-05-27 11:01:26 Success.
2025-05-27 11:01:26 Latest version is 1.8.10
2025-05-27 11:01:26 App is up to date.
2025-05-27 11:03:17 Loading main app package /usr/lib/obsidian/obsidian.asar
2025-05-27 11:03:18 Checking for update using Github
2025-05-27 11:03:18 Success.
2025-05-27 11:03:18 Latest version is 1.8.10
2025-05-27 11:03:18 App is up to date.
2025-05-27 11:04:07 Loading main app package /usr/lib/obsidian/obsidian.asar
2025-05-27 11:04:08 Checking for update using Github
2025-05-27 11:04:08 Success.
2025-05-27 11:04:08 Latest version is 1.8.10
2025-05-27 11:04:08 App is up to date.
2025-05-27 11:14:49 Loading main app package /usr/lib/obsidian/obsidian.asar
2025-05-27 11:14:50 Checking for update using Github
2025-05-27 11:14:50 Success.
2025-05-27 11:14:50 Latest version is 1.8.10
2025-05-27 11:14:50 App is up to date.
2025-05-27 22:15:51 Loading main app package /usr/lib/obsidian/obsidian.asar
2025-05-27 22:15:51 Checking for update using Github
2025-05-27 22:15:51 Success.
2025-05-27 22:15:51 Latest version is 1.8.10
2025-05-27 22:15:51 App is up to date.
2025-05-27 23:15:51 Checking for update using Github
2025-05-27 23:15:51 Success.
2025-05-27 23:15:51 Latest version is 1.8.10
2025-05-27 23:15:51 App is up to date.
2025-05-27 23:58:54 Loading main app package /usr/lib/obsidian/obsidian.asar
2025-05-27 23:58:55 Checking for update using Github
2025-05-27 23:58:55 Success.
2025-05-27 23:58:55 Latest version is 1.8.10
2025-05-27 23:58:55 App is up to date.
2025-05-28 00:58:54 Checking for update using Github
2025-05-28 00:58:54 Success.
2025-05-28 00:58:54 Latest version is 1.8.10
2025-05-28 00:58:54 App is up to date.
2025-05-28 02:50:04 Checking for update using Github
2025-05-28 02:50:04 Success.
2025-05-28 02:50:04 Latest version is 1.8.10
2025-05-28 02:50:04 App is up to date.
2025-05-28 09:45:08 Checking for update using Github
2025-05-28 09:45:08 Success.
2025-05-28 09:45:08 Latest version is 1.8.10
2025-05-28 09:45:08 App is up to date.
2025-05-30 00:09:46 Loading main app package /usr/lib/obsidian/obsidian.asar
2025-05-30 00:09:47 Checking for update using Github
2025-05-30 00:09:47 Success.
2025-05-30 00:09:47 Latest version is 1.8.10
2025-05-30 00:09:47 App is up to date.
